<?xml version="1.0" encoding="UTF-8"?>
<!-- Generated by org.testng.reporters.JUnitReportReporter -->
<testsuite hostname="TXCDTL002AS467K" name="MahavatarBabaji.Mvnselenium2Test" tests="1" failures="0" timestamp="12 Sep 2020 19:05:09 GMT" time="4.389" errors="0">
  <testcase name="seleniumtest2" time="4.389" classname="MahavatarBabaji.Mvnselenium2Test"/>
</testsuite> <!-- MahavatarBabaji.Mvnselenium2Test -->
