<?xml version="1.0" encoding="UTF-8"?>
<!-- Generated by org.testng.reporters.JUnitReportReporter -->
<testsuite hostname="TXCDTL002AS467K" name="MahavatarBabaji.MvnseleniumTest" tests="1" failures="0" timestamp="12 Sep 2020 19:05:09 GMT" time="3.956" errors="0">
  <testcase name="seleniumtest" time="3.956" classname="MahavatarBabaji.MvnseleniumTest"/>
</testsuite> <!-- MahavatarBabaji.MvnseleniumTest -->
